<?xml version="1.0" encoding="UTF-8"?>
<!-- Generated by org.testng.reporters.JUnitXMLReporter -->
<testsuite hostname="CANADA-PC" ignored="0" name="Surefire test" tests="7" failures="0" timestamp="07 Sep 2018 02:22:32 GMT" time="36.767" errors="0">
  <testcase name="TC1LoginPageButton" time="4.404" classname="com.surveymonkey.Monkey.LoginPageTest"/>
  <testcase name="TC2EnteringUserName" time="3.185" classname="com.surveymonkey.Monkey.LoginPageTest"/>
  <testcase name="TC3EnteringPassword" time="3.092" classname="com.surveymonkey.Monkey.LoginPageTest"/>
  <testcase name="TC4CheckOnRememberMe" time="0.156" classname="com.surveymonkey.Monkey.LoginPageTest"/>
  <testcase name="TC5LoginButton" time="8.832" classname="com.surveymonkey.Monkey.LoginPageTest"/>
  <testcase name="TC6ClilckOnCreateSurveyButton" time="3.381" classname="com.surveymonkey.Monkey.LoginPageTest"/>
  <testcase name="TC7TemplateSamples" time="0.16" classname="com.surveymonkey.Monkey.LoginPageTest"/>
</testsuite> <!-- Surefire test -->
