<?xml version="1.0" encoding="UTF-8"?>
<testng-results skipped="0" failed="0" ignored="0" total="7" passed="7">
  <reporter-output>
  </reporter-output>
  <suite name="Surefire suite" duration-ms="36767" started-at="2018-09-07T02:21:55Z" finished-at="2018-09-07T02:22:32Z">
    <groups>
    </groups>
    <test name="Surefire test" duration-ms="36767" started-at="2018-09-07T02:21:55Z" finished-at="2018-09-07T02:22:32Z">
      <class name="com.surveymonkey.Monkey.LoginPageTest">
        <test-method status="PASS" signature="setup()[pri:0, instance:com.surveymonkey.Monkey.LoginPageTest@3f2a3a5]" name="setup" is-config="true" duration-ms="7903" started-at="2018-09-06T22:21:55Z" finished-at="2018-09-06T22:22:03Z">
          <reporter-output>
          </reporter-output>
        </test-method> <!-- setup -->
        <test-method status="PASS" signature="TC1LoginPageButton()[pri:1, instance:com.surveymonkey.Monkey.LoginPageTest@3f2a3a5]" name="TC1LoginPageButton" duration-ms="4404" started-at="2018-09-06T22:22:03Z" finished-at="2018-09-06T22:22:07Z">
          <reporter-output>
          </reporter-output>
        </test-method> <!-- TC1LoginPageButton -->
        <test-method status="PASS" signature="TC2EnteringUserName()[pri:2, instance:com.surveymonkey.Monkey.LoginPageTest@3f2a3a5]" name="TC2EnteringUserName" duration-ms="3185" started-at="2018-09-06T22:22:07Z" finished-at="2018-09-06T22:22:11Z">
          <reporter-output>
          </reporter-output>
        </test-method> <!-- TC2EnteringUserName -->
        <test-method status="PASS" signature="TC3EnteringPassword()[pri:3, instance:com.surveymonkey.Monkey.LoginPageTest@3f2a3a5]" name="TC3EnteringPassword" duration-ms="3092" started-at="2018-09-06T22:22:11Z" finished-at="2018-09-06T22:22:14Z">
          <reporter-output>
          </reporter-output>
        </test-method> <!-- TC3EnteringPassword -->
        <test-method status="PASS" signature="TC4CheckOnRememberMe()[pri:4, instance:com.surveymonkey.Monkey.LoginPageTest@3f2a3a5]" name="TC4CheckOnRememberMe" duration-ms="156" started-at="2018-09-06T22:22:14Z" finished-at="2018-09-06T22:22:14Z">
          <reporter-output>
          </reporter-output>
        </test-method> <!-- TC4CheckOnRememberMe -->
        <test-method status="PASS" signature="TC5LoginButton()[pri:5, instance:com.surveymonkey.Monkey.LoginPageTest@3f2a3a5]" name="TC5LoginButton" duration-ms="8832" started-at="2018-09-06T22:22:14Z" finished-at="2018-09-06T22:22:23Z">
          <reporter-output>
          </reporter-output>
        </test-method> <!-- TC5LoginButton -->
        <test-method status="PASS" signature="TC6ClilckOnCreateSurveyButton()[pri:6, instance:com.surveymonkey.Monkey.LoginPageTest@3f2a3a5]" name="TC6ClilckOnCreateSurveyButton" duration-ms="3381" started-at="2018-09-06T22:22:23Z" finished-at="2018-09-06T22:22:26Z">
          <reporter-output>
          </reporter-output>
        </test-method> <!-- TC6ClilckOnCreateSurveyButton -->
        <test-method status="PASS" signature="TC7TemplateSamples()[pri:7, instance:com.surveymonkey.Monkey.LoginPageTest@3f2a3a5]" name="TC7TemplateSamples" duration-ms="160" started-at="2018-09-06T22:22:26Z" finished-at="2018-09-06T22:22:26Z">
          <reporter-output>
          </reporter-output>
        </test-method> <!-- TC7TemplateSamples -->
        <test-method status="PASS" signature="tearDown()[pri:0, instance:com.surveymonkey.Monkey.LoginPageTest@3f2a3a5]" name="tearDown" is-config="true" duration-ms="5620" started-at="2018-09-06T22:22:26Z" finished-at="2018-09-06T22:22:32Z">
          <reporter-output>
          </reporter-output>
        </test-method> <!-- tearDown -->
      </class> <!-- com.surveymonkey.Monkey.LoginPageTest -->
    </test> <!-- Surefire test -->
  </suite> <!-- Surefire suite -->
</testng-results>
