<?xml version="1.0" encoding="UTF-8"?>
<testsuite xmlns:xsi="http://www.w3.org/2001/XMLSchema-instance" xsi:noNamespaceSchemaLocation="https://maven.apache.org/surefire/maven-surefire-plugin/xsd/surefire-test-report.xsd" name="com.surveymonkey.Monkey.LoginPageTest" time="15.94" tests="10" errors="0" skipped="9" failures="1">
  <properties>
[...]
</properties>
  <testcase name="setup" classname="com.surveymonkey.Monkey.LoginPageTest" time="13.024">
    <failure message="java.net.SocketTimeoutException: Read timed out&#10;Build info: version: &apos;3.9.0&apos;, revision: &apos;698b3178f0&apos;, time: &apos;2018-02-05T14:26:55.441Z&apos;&#10;System info: host: &apos;CANADA-PC&apos;, ip: &apos;192.168.20.129&apos;, os.name: &apos;Windows 7&apos;, os.arch: &apos;amd64&apos;, os.version: &apos;6.1&apos;, java.version: &apos;1.8.0_172&apos;&#10;Driver info: driver.version: ChromeDriver" type="org.openqa.selenium.WebDriverException">org.openqa.selenium.WebDriverException: 
java.net.SocketTimeoutException: Read timed out
Build info: version: '3.9.0', revision: '698b3178f0', time: '2018-02-05T14:26:55.441Z'
System info: host: 'CANADA-PC', ip: '192.168.20.129', os.name: 'Windows 7', os.arch: 'amd64', os.version: '6.1', java.version: '1.8.0_172'
Driver info: driver.version: ChromeDriver
	at com.surveymonkey.Monkey.LoginPageTest.setup(LoginPageTest.java:33)
Caused by: java.net.SocketTimeoutException: Read timed out
	at com.surveymonkey.Monkey.LoginPageTest.setup(LoginPageTest.java:33)
</failure>
    <system-err><![CDATA[Starting ChromeDriver 2.41.578737 (49da6702b16031c40d63e5618de03a32ff6c197e) on port 48227
Only local connections are allowed.
]]></system-err>
  </testcase>
  <testcase name="TC1LoginPageButton" classname="com.surveymonkey.Monkey.LoginPageTest" time="0">
    <skipped message="java.net.SocketTimeoutException: Read timed out&#10;Build info: version: &apos;3.9.0&apos;, revision: &apos;698b3178f0&apos;, time: &apos;2018-02-05T14:26:55.441Z&apos;&#10;System info: host: &apos;CANADA-PC&apos;, ip: &apos;192.168.20.129&apos;, os.name: &apos;Windows 7&apos;, os.arch: &apos;amd64&apos;, os.version: &apos;6.1&apos;, java.version: &apos;1.8.0_172&apos;&#10;Driver info: driver.version: ChromeDriver"/>
  </testcase>
  <testcase name="TC2EnteringUserName" classname="com.surveymonkey.Monkey.LoginPageTest" time="0">
    <skipped message="java.net.SocketTimeoutException: Read timed out&#10;Build info: version: &apos;3.9.0&apos;, revision: &apos;698b3178f0&apos;, time: &apos;2018-02-05T14:26:55.441Z&apos;&#10;System info: host: &apos;CANADA-PC&apos;, ip: &apos;192.168.20.129&apos;, os.name: &apos;Windows 7&apos;, os.arch: &apos;amd64&apos;, os.version: &apos;6.1&apos;, java.version: &apos;1.8.0_172&apos;&#10;Driver info: driver.version: ChromeDriver"/>
  </testcase>
  <testcase name="TC3EnteringPassword" classname="com.surveymonkey.Monkey.LoginPageTest" time="0">
    <skipped message="java.net.SocketTimeoutException: Read timed out&#10;Build info: version: &apos;3.9.0&apos;, revision: &apos;698b3178f0&apos;, time: &apos;2018-02-05T14:26:55.441Z&apos;&#10;System info: host: &apos;CANADA-PC&apos;, ip: &apos;192.168.20.129&apos;, os.name: &apos;Windows 7&apos;, os.arch: &apos;amd64&apos;, os.version: &apos;6.1&apos;, java.version: &apos;1.8.0_172&apos;&#10;Driver info: driver.version: ChromeDriver"/>
  </testcase>
  <testcase name="TC4CheckOnRememberMe" classname="com.surveymonkey.Monkey.LoginPageTest" time="0">
    <skipped message="java.net.SocketTimeoutException: Read timed out&#10;Build info: version: &apos;3.9.0&apos;, revision: &apos;698b3178f0&apos;, time: &apos;2018-02-05T14:26:55.441Z&apos;&#10;System info: host: &apos;CANADA-PC&apos;, ip: &apos;192.168.20.129&apos;, os.name: &apos;Windows 7&apos;, os.arch: &apos;amd64&apos;, os.version: &apos;6.1&apos;, java.version: &apos;1.8.0_172&apos;&#10;Driver info: driver.version: ChromeDriver"/>
  </testcase>
  <testcase name="TC5LoginButton" classname="com.surveymonkey.Monkey.LoginPageTest" time="0">
    <skipped message="java.net.SocketTimeoutException: Read timed out&#10;Build info: version: &apos;3.9.0&apos;, revision: &apos;698b3178f0&apos;, time: &apos;2018-02-05T14:26:55.441Z&apos;&#10;System info: host: &apos;CANADA-PC&apos;, ip: &apos;192.168.20.129&apos;, os.name: &apos;Windows 7&apos;, os.arch: &apos;amd64&apos;, os.version: &apos;6.1&apos;, java.version: &apos;1.8.0_172&apos;&#10;Driver info: driver.version: ChromeDriver"/>
  </testcase>
  <testcase name="TC6ClilckOnCreateSurveyButton" classname="com.surveymonkey.Monkey.LoginPageTest" time="0">
    <skipped message="java.net.SocketTimeoutException: Read timed out&#10;Build info: version: &apos;3.9.0&apos;, revision: &apos;698b3178f0&apos;, time: &apos;2018-02-05T14:26:55.441Z&apos;&#10;System info: host: &apos;CANADA-PC&apos;, ip: &apos;192.168.20.129&apos;, os.name: &apos;Windows 7&apos;, os.arch: &apos;amd64&apos;, os.version: &apos;6.1&apos;, java.version: &apos;1.8.0_172&apos;&#10;Driver info: driver.version: ChromeDriver"/>
  </testcase>
  <testcase name="TC7TemplateSamples" classname="com.surveymonkey.Monkey.LoginPageTest" time="0">
    <skipped message="java.net.SocketTimeoutException: Read timed out&#10;Build info: version: &apos;3.9.0&apos;, revision: &apos;698b3178f0&apos;, time: &apos;2018-02-05T14:26:55.441Z&apos;&#10;System info: host: &apos;CANADA-PC&apos;, ip: &apos;192.168.20.129&apos;, os.name: &apos;Windows 7&apos;, os.arch: &apos;amd64&apos;, os.version: &apos;6.1&apos;, java.version: &apos;1.8.0_172&apos;&#10;Driver info: driver.version: ChromeDriver"/>
  </testcase>
  <testcase name="TC8TemplateDetails" classname="com.surveymonkey.Monkey.LoginPageTest" time="0">
    <skipped message="java.net.SocketTimeoutException: Read timed out&#10;Build info: version: &apos;3.9.0&apos;, revision: &apos;698b3178f0&apos;, time: &apos;2018-02-05T14:26:55.441Z&apos;&#10;System info: host: &apos;CANADA-PC&apos;, ip: &apos;192.168.20.129&apos;, os.name: &apos;Windows 7&apos;, os.arch: &apos;amd64&apos;, os.version: &apos;6.1&apos;, java.version: &apos;1.8.0_172&apos;&#10;Driver info: driver.version: ChromeDriver"/>
  </testcase>
  <testcase name="tearDown" classname="com.surveymonkey.Monkey.LoginPageTest" time="0">
    <skipped/>
  </testcase>
</testsuite>